<?xml version="1.0" encoding="UTF-8"?>
<!-- Generated by org.testng.reporters.JUnitReportReporter -->
<testsuite hostname="sjacob-us-la" name="HM_Portal_Automation.runner.MainRunner" tests="1" failures="0" timestamp="16 Sep 2020 01:54:07 GMT" time="83.132" errors="0">
  <testcase name="feature" time="83.132" classname="HM_Portal_Automation.runner.MainRunner"/>
</testsuite> <!-- HM_Portal_Automation.runner.MainRunner -->
