<?xml version="1.0" encoding="UTF-8"?>
<!-- Generated by org.testng.reporters.JUnitReportReporter -->
<testsuite hostname="sjacob-us-la" name="HM_Portal_Automation.runner.MainRunner" tests="1" failures="0" timestamp="4 Feb 2021 02:59:53 GMT" time="117.711" errors="0">
  <testcase name="feature" time="117.711" classname="HM_Portal_Automation.runner.MainRunner"/>
</testsuite> <!-- HM_Portal_Automation.runner.MainRunner -->
